# JRE version: OpenJDK Runtime Environment (8.0_275-b01) (build 1.8.0_275-b01)
# Java VM: OpenJDK 64-Bit Server VM (25.275-b01 mixed mode windows-amd64 compressed oops)
Heap:
 PSYoungGen      total 38400K, used 17005K [0x00000000d5b00000, 0x00000000da600000, 0x0000000100000000)
  eden space 33280K, 51% used [0x00000000d5b00000,0x00000000d6b9b670,0x00000000d7b80000)
  from space 5120K, 0% used [0x00000000d7b80000,0x00000000d7b80000,0x00000000d8080000)
  to   space 5120K, 0% used [0x00000000da100000,0x00000000da100000,0x00000000da600000)
 ParOldGen       total 52224K, used 7417K [0x0000000081000000, 0x0000000084300000, 0x00000000d5b00000)
  object space 52224K, 14% used [0x0000000081000000,0x000000008173e720,0x0000000084300000)
 Metaspace       used 22166K, capacity 22966K, committed 23088K, reserved 1069056K
  class space    used 2891K, capacity 3106K, committed 3120K, reserved 1048576K
GC Heap History (8 events):
Event: 1.392 GC heap before
{Heap before GC invocations=1 (full 0):
 PSYoungGen      total 38400K, used 33280K [0x00000000d5b00000, 0x00000000d8580000, 0x0000000100000000)
  eden space 33280K, 100% used [0x00000000d5b00000,0x00000000d7b80000,0x00000000d7b80000)
  from space 5120K, 0% used [0x00000000d8080000,0x00000000d8080000,0x00000000d8580000)
  to   space 5120K, 0% used [0x00000000d7b80000,0x00000000d7b80000,0x00000000d8080000)
 ParOldGen       total 87552K, used 0K [0x0000000081000000, 0x0000000086580000, 0x00000000d5b00000)
  object space 87552K, 0% used [0x0000000081000000,0x0000000081000000,0x0000000086580000)
 Metaspace       used 11303K, capacity 11648K, committed 11776K, reserved 1058816K
  class space    used 1313K, capacity 1445K, committed 1536K, reserved 1048576K
Event: 1.399 GC heap after
Heap after GC invocations=1 (full 0):
 PSYoungGen      total 38400K, used 3453K [0x00000000d5b00000, 0x00000000d8580000, 0x0000000100000000)
  eden space 33280K, 0% used [0x00000000d5b00000,0x00000000d5b00000,0x00000000d7b80000)
  from space 5120K, 67% used [0x00000000d7b80000,0x00000000d7edf580,0x00000000d8080000)
  to   space 5120K, 0% used [0x00000000d8080000,0x00000000d8080000,0x00000000d8580000)
 ParOldGen       total 87552K, used 80K [0x0000000081000000, 0x0000000086580000, 0x00000000d5b00000)
  object space 87552K, 0% used [0x0000000081000000,0x0000000081014010,0x0000000086580000)
 Metaspace       used 11303K, capacity 11648K, committed 11776K, reserved 1058816K
  class space    used 1313K, capacity 1445K, committed 1536K, reserved 1048576K
}
Event: 12.155 GC heap before
{Heap before GC invocations=2 (full 0):
 PSYoungGen      total 38400K, used 36733K [0x00000000d5b00000, 0x00000000d8580000, 0x0000000100000000)
  eden space 33280K, 100% used [0x00000000d5b00000,0x00000000d7b80000,0x00000000d7b80000)
  from space 5120K, 67% used [0x00000000d7b80000,0x00000000d7edf580,0x00000000d8080000)
  to   space 5120K, 0% used [0x00000000d8080000,0x00000000d8080000,0x00000000d8580000)
 ParOldGen       total 87552K, used 80K [0x0000000081000000, 0x0000000086580000, 0x00000000d5b00000)
  object space 87552K, 0% used [0x0000000081000000,0x0000000081014010,0x0000000086580000)
 Metaspace       used 19163K, capacity 19856K, committed 20096K, reserved 1067008K
  class space    used 2517K, capacity 2677K, committed 2688K, reserved 1048576K
Event: 12.170 GC heap after
Heap after GC invocations=2 (full 0):
 PSYoungGen      total 38400K, used 5104K [0x00000000d5b00000, 0x00000000d8580000, 0x0000000100000000)
  eden space 33280K, 0% used [0x00000000d5b00000,0x00000000d5b00000,0x00000000d7b80000)
  from space 5120K, 99% used [0x00000000d8080000,0x00000000d857c060,0x00000000d8580000)
  to   space 5120K, 0% used [0x00000000d7b80000,0x00000000d7b80000,0x00000000d8080000)
 ParOldGen       total 87552K, used 2183K [0x0000000081000000, 0x0000000086580000, 0x00000000d5b00000)
  object space 87552K, 2% used [0x0000000081000000,0x0000000081221eb8,0x0000000086580000)
 Metaspace       used 19163K, capacity 19856K, committed 20096K, reserved 1067008K
  class space    used 2517K, capacity 2677K, committed 2688K, reserved 1048576K
}
Event: 12.452 GC heap before
{Heap before GC invocations=3 (full 0):
 PSYoungGen      total 38400K, used 12371K [0x00000000d5b00000, 0x00000000d8580000, 0x0000000100000000)
  eden space 33280K, 21% used [0x00000000d5b00000,0x00000000d6218f30,0x00000000d7b80000)
  from space 5120K, 99% used [0x00000000d8080000,0x00000000d857c060,0x00000000d8580000)
  to   space 5120K, 0% used [0x00000000d7b80000,0x00000000d7b80000,0x00000000d8080000)
 ParOldGen       total 87552K, used 2183K [0x0000000081000000, 0x0000000086580000, 0x00000000d5b00000)
  object space 87552K, 2% used [0x0000000081000000,0x0000000081221eb8,0x0000000086580000)
 Metaspace       used 20592K, capacity 21234K, committed 21296K, reserved 1067008K
  class space    used 2658K, capacity 2838K, committed 2864K, reserved 1048576K
Event: 12.461 GC heap after
Heap after GC invocations=3 (full 0):
 PSYoungGen      total 38400K, used 5104K [0x00000000d5b00000, 0x00000000da600000, 0x0000000100000000)
  eden space 33280K, 0% used [0x00000000d5b00000,0x00000000d5b00000,0x00000000d7b80000)
  from space 5120K, 99% used [0x00000000d7b80000,0x00000000d807c040,0x00000000d8080000)
  to   space 5120K, 0% used [0x00000000da100000,0x00000000da100000,0x00000000da600000)
 ParOldGen       total 87552K, used 3318K [0x0000000081000000, 0x0000000086580000, 0x00000000d5b00000)
  object space 87552K, 3% used [0x0000000081000000,0x000000008133db80,0x0000000086580000)
 Metaspace       used 20592K, capacity 21234K, committed 21296K, reserved 1067008K
  class space    used 2658K, capacity 2838K, committed 2864K, reserved 1048576K
}
Event: 12.461 GC heap before
{Heap before GC invocations=4 (full 1):
 PSYoungGen      total 38400K, used 5104K [0x00000000d5b00000, 0x00000000da600000, 0x0000000100000000)
  eden space 33280K, 0% used [0x00000000d5b00000,0x00000000d5b00000,0x00000000d7b80000)
  from space 5120K, 99% used [0x00000000d7b80000,0x00000000d807c040,0x00000000d8080000)
  to   space 5120K, 0% used [0x00000000da100000,0x00000000da100000,0x00000000da600000)
 ParOldGen       total 87552K, used 3318K [0x0000000081000000, 0x0000000086580000, 0x00000000d5b00000)
  object space 87552K, 3% used [0x0000000081000000,0x000000008133db80,0x0000000086580000)
 Metaspace       used 20592K, capacity 21234K, committed 21296K, reserved 1067008K
  class space    used 2658K, capacity 2838K, committed 2864K, reserved 1048576K
Event: 12.515 GC heap after
Heap after GC invocations=4 (full 1):
 PSYoungGen      total 38400K, used 0K [0x00000000d5b00000, 0x00000000da600000, 0x0000000100000000)
  eden space 33280K, 0% used [0x00000000d5b00000,0x00000000d5b00000,0x00000000d7b80000)
  from space 5120K, 0% used [0x00000000d7b80000,0x00000000d7b80000,0x00000000d8080000)
  to   space 5120K, 0% used [0x00000000da100000,0x00000000da100000,0x00000000da600000)
 ParOldGen       total 52224K, used 7417K [0x0000000081000000, 0x0000000084300000, 0x00000000d5b00000)
  object space 52224K, 14% used [0x0000000081000000,0x000000008173e720,0x0000000084300000)
 Metaspace       used 20592K, capacity 21234K, committed 21296K, reserved 1067008K
  class space    used 2658K, capacity 2838K, committed 2864K, reserved 1048576K
}

